#
# There is insufficient memory for the Java Runtime Environment to continue.
# Native memory allocation (mmap) failed to map 65536 bytes for Failed to commit metaspace.
# Possible reasons:
#   The system is out of physical RAM or swap space
#   The process is running with CompressedOops enabled, and the Java Heap may be blocking the growth of the native heap
# Possible solutions:
#   Reduce memory load on the system
#   Increase physical memory or swap space
#   Check if swap backing store is full
#   Decrease Java heap size (-Xmx/-Xms)
#   Decrease number of Java threads
#   Decrease Java thread stack sizes (-Xss)
#   Set larger code cache with -XX:ReservedCodeCacheSize=
#   JVM is running with Unscaled Compressed Oops mode in which the Java heap is
#     placed in the first 4GB address space. The Java Heap base address is the
#     maximum limit for the native heap growth. Please use -XX:HeapBaseMinAddress
#     to set the Java Heap base and to place the Java Heap above 4GB virtual address.
# This output file may be truncated or incomplete.
#
#  Out of Memory Error (virtualSpaceNode.cpp:110), pid=3096, tid=9460
#
# JRE version: Java(TM) SE Runtime Environment (17.0.10+11) (build 17.0.10+11-LTS-240)
# Java VM: Java HotSpot(TM) 64-Bit Server VM (17.0.10+11-LTS-240, mixed mode, tiered, compressed oops, compressed class ptrs, g1 gc, windows-amd64)
# No core dump will be written. Minidumps are not enabled by default on client versions of Windows
#

---------------  S U M M A R Y ------------

Command Line: -Dfile.encoding=UTF-8 -Dstdout.encoding=UTF-8 -Dstderr.encoding=UTF-8 -XX:+ShowCodeDetailsInExceptionMessages appveterinaria.AppVeterinaria

Host: AMD Ryzen 3 5300U with Radeon Graphics         , 8 cores, 3G,  Windows 11 , 64 bit Build 22621 (10.0.22621.3235)
Time: Sat Mar 16 22:59:06 2024 Hora est. Pacífico, Sudamérica elapsed time: 9.413874 seconds (0d 0h 0m 9s)

---------------  T H R E A D  ---------------

Current thread (0x000002e7e90cdbe0):  JavaThread "main" [_thread_in_vm, id=9460, stack(0x000000f60b400000,0x000000f60b500000)]

Stack: [0x000000f60b400000,0x000000f60b500000]
Native frames: (J=compiled Java code, j=interpreted, Vv=VM code, C=native code)
V  [jvm.dll+0x677a5a]
V  [jvm.dll+0x7d8b2d]
V  [jvm.dll+0x7da48e]
V  [jvm.dll+0x7daaf3]
V  [jvm.dll+0x2455ff]
V  [jvm.dll+0x7d483b]
V  [jvm.dll+0x61dc06]
V  [jvm.dll+0x1bfa87]
V  [jvm.dll+0x620570]
V  [jvm.dll+0x61e5c6]
V  [jvm.dll+0x23b031]
V  [jvm.dll+0x1e9d67]
V  [jvm.dll+0x1dfa01]
V  [jvm.dll+0x53d58c]
V  [jvm.dll+0x753438]
V  [jvm.dll+0x753524]
V  [jvm.dll+0x40babf]
V  [jvm.dll+0x411a89]
C  [java.dll+0x17ec]

Java frames: (J=compiled Java code, j=interpreted, Vv=VM code)
j  java.lang.ClassLoader.defineClass1(Ljava/lang/ClassLoader;Ljava/lang/String;[BIILjava/security/ProtectionDomain;Ljava/lang/String;)Ljava/lang/Class;+0 java.base@17.0.10
j  java.lang.ClassLoader.defineClass(Ljava/lang/String;[BIILjava/security/ProtectionDomain;)Ljava/lang/Class;+27 java.base@17.0.10
j  java.security.SecureClassLoader.defineClass(Ljava/lang/String;[BIILjava/security/CodeSource;)Ljava/lang/Class;+12 java.base@17.0.10
j  jdk.internal.loader.BuiltinClassLoader.defineClass(Ljava/lang/String;Ljdk/internal/loader/Resource;)Ljava/lang/Class;+117 java.base@17.0.10
j  jdk.internal.loader.BuiltinClassLoader.findClassOnClassPathOrNull(Ljava/lang/String;)Ljava/lang/Class;+37 java.base@17.0.10
J 408 c1 jdk.internal.loader.BuiltinClassLoader.loadClassOrNull(Ljava/lang/String;Z)Ljava/lang/Class; java.base@17.0.10 (143 bytes) @ 0x000002e780085204 [0x000002e780084340+0x0000000000000ec4]
j  jdk.internal.loader.BuiltinClassLoader.loadClass(Ljava/lang/String;Z)Ljava/lang/Class;+3 java.base@17.0.10
j  jdk.internal.loader.ClassLoaders$AppClassLoader.loadClass(Ljava/lang/String;Z)Ljava/lang/Class;+36 java.base@17.0.10
j  java.lang.ClassLoader.loadClass(Ljava/lang/String;)Ljava/lang/Class;+3 java.base@17.0.10
v  ~StubRoutines::call_stub
j  com.mysql.cj.conf.DefaultPropertySet.<init>()V+26
j  com.mysql.cj.jdbc.JdbcPropertySetImpl.<init>()V+1
j  com.mysql.cj.jdbc.ConnectionImpl.<init>(Lcom/mysql/cj/conf/HostInfo;)V+143
j  com.mysql.cj.jdbc.ConnectionImpl.getInstance(Lcom/mysql/cj/conf/HostInfo;)Lcom/mysql/cj/jdbc/JdbcConnection;+5
j  com.mysql.cj.jdbc.NonRegisteringDriver.connect(Ljava/lang/String;Ljava/util/Properties;)Ljava/sql/Connection;+72
j  java.sql.DriverManager.getConnection(Ljava/lang/String;Ljava/util/Properties;Ljava/lang/Class;)Ljava/sql/Connection;+131 java.sql@17.0.10
j  java.sql.DriverManager.getConnection(Ljava/lang/String;Ljava/lang/String;Ljava/lang/String;)Ljava/sql/Connection;+37 java.sql@17.0.10
j  appveterinaria.Config.MYSQLConnection.getConnection()Ljava/sql/Connection;+14
j  appveterinaria.Dao.PersonDaoImp.<init>()V+5
j  appveterinaria.Service.VeterinaryServiceImpl.login(Lappveterinaria/Dto/PersonDto;)V+4
j  appveterinaria.Controller.LoginController.login()V+58
j  appveterinaria.AppVeterinaria.runApplication()Z+75
j  appveterinaria.AppVeterinaria.main([Ljava/lang/String;)V+5
v  ~StubRoutines::call_stub

---------------  P R O C E S S  ---------------

Threads class SMR info:
_java_thread_list=0x000002e78f6426d0, length=13, elements={
0x000002e7e90cdbe0, 0x000002e78f195260, 0x000002e78f147660, 0x000002e78f1699e0,
0x000002e78f16a5a0, 0x000002e78f16b800, 0x000002e78f1a0460, 0x000002e78f1b9800,
0x000002e78f1b8d60, 0x000002e78f1c5000, 0x000002e78f49d030, 0x000002e78f4da0a0,
0x000002e78f4309c0
}

Java Threads: ( => current thread )
=>0x000002e7e90cdbe0 JavaThread "main" [_thread_in_vm, id=9460, stack(0x000000f60b400000,0x000000f60b500000)]
  0x000002e78f195260 JavaThread "Reference Handler" daemon [_thread_blocked, id=6340, stack(0x000000f60bb00000,0x000000f60bc00000)]
  0x000002e78f147660 JavaThread "Finalizer" daemon [_thread_blocked, id=14664, stack(0x000000f60bc00000,0x000000f60bd00000)]
  0x000002e78f1699e0 JavaThread "Signal Dispatcher" daemon [_thread_blocked, id=11072, stack(0x000000f60bd00000,0x000000f60be00000)]
  0x000002e78f16a5a0 JavaThread "Attach Listener" daemon [_thread_blocked, id=8392, stack(0x000000f60be00000,0x000000f60bf00000)]
  0x000002e78f16b800 JavaThread "Service Thread" daemon [_thread_blocked, id=7828, stack(0x000000f60bf00000,0x000000f60c000000)]
  0x000002e78f1a0460 JavaThread "Monitor Deflation Thread" daemon [_thread_blocked, id=6916, stack(0x000000f60c000000,0x000000f60c100000)]
  0x000002e78f1b9800 JavaThread "C2 CompilerThread0" daemon [_thread_blocked, id=9828, stack(0x000000f60c100000,0x000000f60c200000)]
  0x000002e78f1b8d60 JavaThread "C1 CompilerThread0" daemon [_thread_blocked, id=20432, stack(0x000000f60c200000,0x000000f60c300000)]
  0x000002e78f1c5000 JavaThread "Sweeper thread" daemon [_thread_blocked, id=19100, stack(0x000000f60c300000,0x000000f60c400000)]
  0x000002e78f49d030 JavaThread "Notification Thread" daemon [_thread_blocked, id=17208, stack(0x000000f60c400000,0x000000f60c500000)]
  0x000002e78f4da0a0 JavaThread "Common-Cleaner" daemon [_thread_blocked, id=5416, stack(0x000000f60c600000,0x000000f60c700000)]
  0x000002e78f4309c0 JavaThread "mysql-cj-abandoned-connection-cleanup" daemon [_thread_blocked, id=17216, stack(0x000000f60c700000,0x000000f60c800000)]

Other Threads:
  0x000002e78f17f020 VMThread "VM Thread" [stack: 0x000000f60ba00000,0x000000f60bb00000] [id=14364]
  0x000002e78f4d21b0 WatcherThread [stack: 0x000000f60c500000,0x000000f60c600000] [id=19432]
  0x000002e7e91050b0 GCTaskThread "GC Thread#0" [stack: 0x000000f60b500000,0x000000f60b600000] [id=9092]
  0x000002e7e910cb40 ConcurrentGCThread "G1 Main Marker" [stack: 0x000000f60b600000,0x000000f60b700000] [id=19320]
  0x000002e7e910d550 ConcurrentGCThread "G1 Conc#0" [stack: 0x000000f60b700000,0x000000f60b800000] [id=2480]
  0x000002e7e915c040 ConcurrentGCThread "G1 Refine#0" [stack: 0x000000f60b800000,0x000000f60b900000] [id=16032]
  0x000002e7e915da80 ConcurrentGCThread "G1 Service" [stack: 0x000000f60b900000,0x000000f60ba00000] [id=12828]

Threads with active compile tasks:

VM state: not at safepoint (normal execution)

VM Mutex/Monitor currently owned by a thread:  ([mutex/lock_event])
[0x000002e7e90ca850] Metaspace_lock - owner thread: 0x000002e7e90cdbe0

Heap address: 0x00000000ca600000, size: 858 MB, Compressed Oops mode: 32-bit

CDS archive(s) not mapped
Compressed class space mapped at: 0x0000000100000000-0x0000000140000000, reserved size: 1073741824
Narrow klass base: 0x0000000000000000, Narrow klass shift: 3, Narrow klass range: 0x140000000

GC Precious Log:
 CPUs: 8 total, 8 available
 Memory: 3429M
 Large Page Support: Disabled
 NUMA Support: Disabled
 Compressed Oops: Enabled (32-bit)
 Heap Region Size: 1M
 Heap Min Capacity: 8M
 Heap Initial Capacity: 54M
 Heap Max Capacity: 858M
 Pre-touch: Disabled
 Parallel Workers: 8
 Concurrent Workers: 2
 Concurrent Refinement Workers: 8
 Periodic GC: Disabled

Heap:
 garbage-first heap   total 55296K, used 5120K [0x00000000ca600000, 0x0000000100000000)
  region size 1024K, 6 young (6144K), 0 survivors (0K)
 Metaspace       used 9283K, committed 9408K, reserved 1114112K
  class space    used 811K, committed 896K, reserved 1048576K

Heap Regions: E=young(eden), S=young(survivor), O=old, HS=humongous(starts), HC=humongous(continues), CS=collection set, F=free, OA=open archive, CA=closed archive, TAMS=top-at-mark-start (previous, next)
|   0|0x00000000ca600000, 0x00000000ca600000, 0x00000000ca700000|  0%| F|  |TAMS 0x00000000ca600000, 0x00000000ca600000| Untracked 
|   1|0x00000000ca700000, 0x00000000ca700000, 0x00000000ca800000|  0%| F|  |TAMS 0x00000000ca700000, 0x00000000ca700000| Untracked 
|   2|0x00000000ca800000, 0x00000000ca800000, 0x00000000ca900000|  0%| F|  |TAMS 0x00000000ca800000, 0x00000000ca800000| Untracked 
|   3|0x00000000ca900000, 0x00000000ca900000, 0x00000000caa00000|  0%| F|  |TAMS 0x00000000ca900000, 0x00000000ca900000| Untracked 
|   4|0x00000000caa00000, 0x00000000caa00000, 0x00000000cab00000|  0%| F|  |TAMS 0x00000000caa00000, 0x00000000caa00000| Untracked 
|   5|0x00000000cab00000, 0x00000000cab00000, 0x00000000cac00000|  0%| F|  |TAMS 0x00000000cab00000, 0x00000000cab00000| Untracked 
|   6|0x00000000cac00000, 0x00000000cac00000, 0x00000000cad00000|  0%| F|  |TAMS 0x00000000cac00000, 0x00000000cac00000| Untracked 
|   7|0x00000000cad00000, 0x00000000cad00000, 0x00000000cae00000|  0%| F|  |TAMS 0x00000000cad00000, 0x00000000cad00000| Untracked 
|   8|0x00000000cae00000, 0x00000000cae00000, 0x00000000caf00000|  0%| F|  |TAMS 0x00000000cae00000, 0x00000000cae00000| Untracked 
|   9|0x00000000caf00000, 0x00000000caf00000, 0x00000000cb000000|  0%| F|  |TAMS 0x00000000caf00000, 0x00000000caf00000| Untracked 
|  10|0x00000000cb000000, 0x00000000cb000000, 0x00000000cb100000|  0%| F|  |TAMS 0x00000000cb000000, 0x00000000cb000000| Untracked 
|  11|0x00000000cb100000, 0x00000000cb100000, 0x00000000cb200000|  0%| F|  |TAMS 0x00000000cb100000, 0x00000000cb100000| Untracked 
|  12|0x00000000cb200000, 0x00000000cb200000, 0x00000000cb300000|  0%| F|  |TAMS 0x00000000cb200000, 0x00000000cb200000| Untracked 
|  13|0x00000000cb300000, 0x00000000cb300000, 0x00000000cb400000|  0%| F|  |TAMS 0x00000000cb300000, 0x00000000cb300000| Untracked 
|  14|0x00000000cb400000, 0x00000000cb400000, 0x00000000cb500000|  0%| F|  |TAMS 0x00000000cb400000, 0x00000000cb400000| Untracked 
|  15|0x00000000cb500000, 0x00000000cb500000, 0x00000000cb600000|  0%| F|  |TAMS 0x00000000cb500000, 0x00000000cb500000| Untracked 
|  16|0x00000000cb600000, 0x00000000cb600000, 0x00000000cb700000|  0%| F|  |TAMS 0x00000000cb600000, 0x00000000cb600000| Untracked 
|  17|0x00000000cb700000, 0x00000000cb700000, 0x00000000cb800000|  0%| F|  |TAMS 0x00000000cb700000, 0x00000000cb700000| Untracked 
|  18|0x00000000cb800000, 0x00000000cb800000, 0x00000000cb900000|  0%| F|  |TAMS 0x00000000cb800000, 0x00000000cb800000| Untracked 
|  19|0x00000000cb900000, 0x00000000cb900000, 0x00000000cba00000|  0%| F|  |TAMS 0x00000000cb900000, 0x00000000cb900000| Untracked 
|  20|0x00000000cba00000, 0x00000000cba00000, 0x00000000cbb00000|  0%| F|  |TAMS 0x00000000cba00000, 0x00000000cba00000| Untracked 
|  21|0x00000000cbb00000, 0x00000000cbb00000, 0x00000000cbc00000|  0%| F|  |TAMS 0x00000000cbb00000, 0x00000000cbb00000| Untracked 
|  22|0x00000000cbc00000, 0x00000000cbc00000, 0x00000000cbd00000|  0%| F|  |TAMS 0x00000000cbc00000, 0x00000000cbc00000| Untracked 
|  23|0x00000000cbd00000, 0x00000000cbd00000, 0x00000000cbe00000|  0%| F|  |TAMS 0x00000000cbd00000, 0x00000000cbd00000| Untracked 
|  24|0x00000000cbe00000, 0x00000000cbe00000, 0x00000000cbf00000|  0%| F|  |TAMS 0x00000000cbe00000, 0x00000000cbe00000| Untracked 
|  25|0x00000000cbf00000, 0x00000000cbf00000, 0x00000000cc000000|  0%| F|  |TAMS 0x00000000cbf00000, 0x00000000cbf00000| Untracked 
|  26|0x00000000cc000000, 0x00000000cc000000, 0x00000000cc100000|  0%| F|  |TAMS 0x00000000cc000000, 0x00000000cc000000| Untracked 
|  27|0x00000000cc100000, 0x00000000cc100000, 0x00000000cc200000|  0%| F|  |TAMS 0x00000000cc100000, 0x00000000cc100000| Untracked 
|  28|0x00000000cc200000, 0x00000000cc200000, 0x00000000cc300000|  0%| F|  |TAMS 0x00000000cc200000, 0x00000000cc200000| Untracked 
|  29|0x00000000cc300000, 0x00000000cc300000, 0x00000000cc400000|  0%| F|  |TAMS 0x00000000cc300000, 0x00000000cc300000| Untracked 
|  30|0x00000000cc400000, 0x00000000cc400000, 0x00000000cc500000|  0%| F|  |TAMS 0x00000000cc400000, 0x00000000cc400000| Untracked 
|  31|0x00000000cc500000, 0x00000000cc500000, 0x00000000cc600000|  0%| F|  |TAMS 0x00000000cc500000, 0x00000000cc500000| Untracked 
|  32|0x00000000cc600000, 0x00000000cc600000, 0x00000000cc700000|  0%| F|  |TAMS 0x00000000cc600000, 0x00000000cc600000| Untracked 
|  33|0x00000000cc700000, 0x00000000cc700000, 0x00000000cc800000|  0%| F|  |TAMS 0x00000000cc700000, 0x00000000cc700000| Untracked 
|  34|0x00000000cc800000, 0x00000000cc800000, 0x00000000cc900000|  0%| F|  |TAMS 0x00000000cc800000, 0x00000000cc800000| Untracked 
|  35|0x00000000cc900000, 0x00000000cc900000, 0x00000000cca00000|  0%| F|  |TAMS 0x00000000cc900000, 0x00000000cc900000| Untracked 
|  36|0x00000000cca00000, 0x00000000cca00000, 0x00000000ccb00000|  0%| F|  |TAMS 0x00000000cca00000, 0x00000000cca00000| Untracked 
|  37|0x00000000ccb00000, 0x00000000ccb00000, 0x00000000ccc00000|  0%| F|  |TAMS 0x00000000ccb00000, 0x00000000ccb00000| Untracked 
|  38|0x00000000ccc00000, 0x00000000ccc00000, 0x00000000ccd00000|  0%| F|  |TAMS 0x00000000ccc00000, 0x00000000ccc00000| Untracked 
|  39|0x00000000ccd00000, 0x00000000ccd00000, 0x00000000cce00000|  0%| F|  |TAMS 0x00000000ccd00000, 0x00000000ccd00000| Untracked 
|  40|0x00000000cce00000, 0x00000000cce00000, 0x00000000ccf00000|  0%| F|  |TAMS 0x00000000cce00000, 0x00000000cce00000| Untracked 
|  41|0x00000000ccf00000, 0x00000000ccf00000, 0x00000000cd000000|  0%| F|  |TAMS 0x00000000ccf00000, 0x00000000ccf00000| Untracked 
|  42|0x00000000cd000000, 0x00000000cd000000, 0x00000000cd100000|  0%| F|  |TAMS 0x00000000cd000000, 0x00000000cd000000| Untracked 
|  43|0x00000000cd100000, 0x00000000cd100000, 0x00000000cd200000|  0%| F|  |TAMS 0x00000000cd100000, 0x00000000cd100000| Untracked 
|  44|0x00000000cd200000, 0x00000000cd200000, 0x00000000cd300000|  0%| F|  |TAMS 0x00000000cd200000, 0x00000000cd200000| Untracked 
|  45|0x00000000cd300000, 0x00000000cd300000, 0x00000000cd400000|  0%| F|  |TAMS 0x00000000cd300000, 0x00000000cd300000| Untracked 
|  46|0x00000000cd400000, 0x00000000cd400000, 0x00000000cd500000|  0%| F|  |TAMS 0x00000000cd400000, 0x00000000cd400000| Untracked 
|  47|0x00000000cd500000, 0x00000000cd500000, 0x00000000cd600000|  0%| F|  |TAMS 0x00000000cd500000, 0x00000000cd500000| Untracked 
|  48|0x00000000cd600000, 0x00000000cd687c10, 0x00000000cd700000| 53%| E|  |TAMS 0x00000000cd600000, 0x00000000cd600000| Complete 
|  49|0x00000000cd700000, 0x00000000cd800000, 0x00000000cd800000|100%| E|CS|TAMS 0x00000000cd700000, 0x00000000cd700000| Complete 
|  50|0x00000000cd800000, 0x00000000cd900000, 0x00000000cd900000|100%| E|CS|TAMS 0x00000000cd800000, 0x00000000cd800000| Complete 
|  51|0x00000000cd900000, 0x00000000cda00000, 0x00000000cda00000|100%| E|CS|TAMS 0x00000000cd900000, 0x00000000cd900000| Complete 
|  52|0x00000000cda00000, 0x00000000cdb00000, 0x00000000cdb00000|100%| E|CS|TAMS 0x00000000cda00000, 0x00000000cda00000| Complete 
|  53|0x00000000cdb00000, 0x00000000cdc00000, 0x00000000cdc00000|100%| E|CS|TAMS 0x00000000cdb00000, 0x00000000cdb00000| Complete 

Card table byte_map: [0x000002e7f2d80000,0x000002e7f2f30000] _byte_map_base: 0x000002e7f272d000

Marking Bits (Prev, Next): (CMBitMap*) 0x000002e7e91056d0, (CMBitMap*) 0x000002e7e9105710
 Prev Bits: [0x000002e7f30e0000, 0x000002e7f3e48000)
 Next Bits: [0x000002e7f3e50000, 0x000002e7f4bb8000)

Polling page: 0x000002e7e8f70000

Metaspace:

Usage:
  Non-class:      8.27 MB used.
      Class:    811.88 KB used.
       Both:      9.07 MB used.

Virtual space:
  Non-class space:       64.00 MB reserved,       8.31 MB ( 13%) committed,  1 nodes.
      Class space:        1.00 GB reserved,     896.00 KB ( <1%) committed,  1 nodes.
             Both:        1.06 GB reserved,       9.19 MB ( <1%) committed. 

Chunk freelists:
   Non-Class:  6.73 MB
       Class:  15.14 MB
        Both:  21.88 MB

MaxMetaspaceSize: unlimited
CompressedClassSpaceSize: 1.00 GB
Initial GC threshold: 21.00 MB
Current GC threshold: 21.00 MB
CDS: off
MetaspaceReclaimPolicy: balanced
 - commit_granule_bytes: 65536.
 - commit_granule_words: 8192.
 - virtual_space_node_default_size: 8388608.
 - enlarge_chunks_in_place: 1.
 - new_chunks_are_fully_committed: 0.
 - uncommit_free_chunks: 1.
 - use_allocation_guard: 0.
 - handle_deallocations: 1.


Internal statistics:

num_allocs_failed_limit: 0.
num_arena_births: 36.
num_arena_deaths: 0.
num_vsnodes_births: 2.
num_vsnodes_deaths: 0.
num_space_committed: 147.
num_space_uncommitted: 0.
num_chunks_returned_to_freelist: 0.
num_chunks_taken_from_freelist: 100.
num_chunk_merges: 0.
num_chunk_splits: 63.
num_chunks_enlarged: 43.
num_inconsistent_stats: 0.

CodeHeap 'non-profiled nmethods': size=120000Kb used=146Kb max_used=146Kb free=119853Kb
 bounds [0x000002e787ad0000, 0x000002e787d40000, 0x000002e78f000000]
CodeHeap 'profiled nmethods': size=120000Kb used=609Kb max_used=609Kb free=119390Kb
 bounds [0x000002e780000000, 0x000002e780270000, 0x000002e787530000]
CodeHeap 'non-nmethods': size=5760Kb used=1142Kb max_used=1161Kb free=4618Kb
 bounds [0x000002e787530000, 0x000002e7877a0000, 0x000002e787ad0000]
 total_blobs=864 nmethods=436 adapters=341
 compilation: enabled
              stopped_count=0, restarted_count=0
 full_count=0

Compilation events (20 events):
Event: 9.394 Thread 0x000002e78f1b8d60 nmethod 418 0x000002e78008c090 code [0x000002e78008c240, 0x000002e78008c4b8]
Event: 9.395 Thread 0x000002e78f1b8d60  419       3       java.lang.String::indexOf (64 bytes)
Event: 9.395 Thread 0x000002e78f1b8d60 nmethod 419 0x000002e78008c590 code [0x000002e78008c7a0, 0x000002e78008cc68]
Event: 9.400 Thread 0x000002e78f1b8d60  421       3       java.lang.StringLatin1::toLowerCase (186 bytes)
Event: 9.401 Thread 0x000002e78f1b8d60 nmethod 421 0x000002e78008ce10 code [0x000002e78008d080, 0x000002e78008dbb8]
Event: 9.401 Thread 0x000002e78f1b8d60  422       3       java.lang.String::endsWith (15 bytes)
Event: 9.402 Thread 0x000002e78f1b8d60 nmethod 422 0x000002e78008df90 code [0x000002e78008e160, 0x000002e78008e4a8]
Event: 9.403 Thread 0x000002e78f1b8d60  423       1       java.util.jar.Attributes$Name::hashCode (5 bytes)
Event: 9.403 Thread 0x000002e78f1b8d60 nmethod 423 0x000002e787af0210 code [0x000002e787af03a0, 0x000002e787af0478]
Event: 9.407 Thread 0x000002e78f1b8d60  425       3       java.util.zip.ZipUtils::CENLEN (9 bytes)
Event: 9.407 Thread 0x000002e78f1b8d60 nmethod 425 0x000002e78008e690 code [0x000002e78008e840, 0x000002e78008eb18]
Event: 9.408 Thread 0x000002e78f1b8d60  426       1       java.lang.NamedPackage::module (5 bytes)
Event: 9.408 Thread 0x000002e78f1b8d60 nmethod 426 0x000002e787af0510 code [0x000002e787af06a0, 0x000002e787af0778]
Event: 9.408 Thread 0x000002e78f1b8d60  427       3       java.net.URL::isBuiltinStreamHandler (32 bytes)
Event: 9.408 Thread 0x000002e78f1b8d60 nmethod 427 0x000002e78008ec90 code [0x000002e78008ef80, 0x000002e780090098]
Event: 9.408 Thread 0x000002e78f1b8d60  428       3       java.net.URL::isBuiltinStreamHandler (8 bytes)
Event: 9.409 Thread 0x000002e78f1b8d60 nmethod 428 0x000002e780090610 code [0x000002e7800907c0, 0x000002e780090988]
Event: 9.409 Thread 0x000002e78f1b8d60  429       3       java.lang.String::indexOf (18 bytes)
Event: 9.409 Thread 0x000002e78f1b8d60 nmethod 429 0x000002e780090a90 code [0x000002e780090c60, 0x000002e780090f28]
Event: 9.409 Thread 0x000002e78f1b8d60  431   !   3       java.net.URL::<init> (543 bytes)

GC Heap History (0 events):
No events

Deoptimization events (2 events):
Event: 9.398 Thread 0x000002e7e90cdbe0 DEOPT PACKING pc=0x000002e780070156 sp=0x000000f60b4f8e50
Event: 9.399 Thread 0x000002e7e90cdbe0 DEOPT UNPACKING pc=0x000002e787582b43 sp=0x000000f60b4f82f0 mode 0

Classes unloaded (0 events):
No events

Classes redefined (0 events):
No events

Internal exceptions (5 events):
Event: 9.343 Thread 0x000002e7e90cdbe0 Exception <a 'java/lang/NoSuchMethodError'{0x00000000cd8c16b8}: 'java.lang.Object java.lang.invoke.DirectMethodHandle$Holder.invokeStaticInit(java.lang.Object)'> (0x00000000cd8c16b8) 
thrown [s\open\src\hotspot\share\interpreter\linkResolver.cpp, line 759]
Event: 9.344 Thread 0x000002e7e90cdbe0 Exception <a 'java/lang/NoSuchMethodError'{0x00000000cd8c7a78}: 'java.lang.Object java.lang.invoke.DirectMethodHandle$Holder.invokeInterface(java.lang.Object, java.lang.Object)'> (0x00000000cd8c7a78) 
thrown [s\open\src\hotspot\share\interpreter\linkResolver.cpp, line 759]
Event: 9.374 Thread 0x000002e7e90cdbe0 Exception <a 'java/lang/NoSuchMethodError'{0x00000000cd749940}: 'void java.lang.invoke.DirectMethodHandle$Holder.invokeSpecial(java.lang.Object, java.lang.Object, java.lang.Object)'> (0x00000000cd749940) 
thrown [s\open\src\hotspot\share\interpreter\linkResolver.cpp, line 759]
Event: 9.375 Thread 0x000002e7e90cdbe0 Exception <a 'java/lang/NoSuchMethodError'{0x00000000cd7504d0}: 'void java.lang.invoke.DirectMethodHandle$Holder.invokeStatic(java.lang.Object, java.lang.Object, java.lang.Object)'> (0x00000000cd7504d0) 
thrown [s\open\src\hotspot\share\interpreter\linkResolver.cpp, line 759]
Event: 9.377 Thread 0x000002e7e90cdbe0 Exception <a 'java/lang/NoSuchMethodError'{0x00000000cd75a830}: 'java.lang.Object java.lang.invoke.DirectMethodHandle$Holder.invokeVirtual(java.lang.Object, java.lang.Object, java.lang.Object)'> (0x00000000cd75a830) 
thrown [s\open\src\hotspot\share\interpreter\linkResolver.cpp, line 759]

VM Operations (8 events):
Event: 1.043 Executing VM operation: Cleanup
Event: 1.043 Executing VM operation: Cleanup done
Event: 9.268 Executing VM operation: HandshakeAllThreads
Event: 9.268 Executing VM operation: HandshakeAllThreads done
Event: 9.282 Executing VM operation: HandshakeAllThreads
Event: 9.282 Executing VM operation: HandshakeAllThreads done
Event: 9.282 Executing VM operation: Cleanup
Event: 9.282 Executing VM operation: Cleanup done

Events (20 events):
Event: 9.373 loading class java/util/HashMap$EntrySpliterator
Event: 9.374 loading class java/util/HashMap$EntrySpliterator done
Event: 9.374 loading class java/lang/invoke/DirectMethodHandle$Special
Event: 9.375 loading class java/lang/invoke/DirectMethodHandle$Special done
Event: 9.376 loading class java/util/ArrayList$ArrayListSpliterator
Event: 9.377 loading class java/util/ArrayList$ArrayListSpliterator done
Event: 9.379 loading class java/util/stream/ForEachOps
Event: 9.379 loading class java/util/stream/ForEachOps done
Event: 9.379 loading class java/util/stream/ForEachOps$ForEachOp$OfRef
Event: 9.379 loading class java/util/stream/ForEachOps$ForEachOp
Event: 9.379 loading class java/util/stream/ForEachOps$ForEachOp done
Event: 9.379 loading class java/util/stream/ForEachOps$ForEachOp$OfRef done
Event: 9.380 loading class java/lang/NoSuchFieldError
Event: 9.380 loading class java/lang/NoSuchFieldError done
Event: 9.401 loading class java/lang/reflect/InvocationHandler
Event: 9.401 loading class java/lang/reflect/InvocationHandler done
Event: 9.405 loading class java/util/Random
Event: 9.405 loading class java/util/random/RandomGenerator
Event: 9.405 loading class java/util/random/RandomGenerator done
Event: 9.406 loading class java/util/Random done


Dynamic libraries:
0x00007ff7e1390000 - 0x00007ff7e13a0000 	C:\Program Files\Java\jdk-17\bin\javaw.exe
0x00007ffa627f0000 - 0x00007ffa62a06000 	C:\WINDOWS\SYSTEM32\ntdll.dll
0x00007ffa61470000 - 0x00007ffa61534000 	C:\WINDOWS\System32\KERNEL32.DLL
0x00007ffa5fb30000 - 0x00007ffa5fed6000 	C:\WINDOWS\System32\KERNELBASE.dll
0x00007ffa60420000 - 0x00007ffa60531000 	C:\WINDOWS\System32\ucrtbase.dll
0x00007ffa3e640000 - 0x00007ffa3e65b000 	C:\Program Files\Java\jdk-17\bin\VCRUNTIME140.dll
0x00007ffa3e620000 - 0x00007ffa3e639000 	C:\Program Files\Java\jdk-17\bin\jli.dll
0x00007ffa60880000 - 0x00007ffa60932000 	C:\WINDOWS\System32\ADVAPI32.dll
0x00007ffa624f0000 - 0x00007ffa62597000 	C:\WINDOWS\System32\msvcrt.dll
0x00007ffa62290000 - 0x00007ffa62338000 	C:\WINDOWS\System32\sechost.dll
0x00007ffa5fee0000 - 0x00007ffa5ff08000 	C:\WINDOWS\System32\bcrypt.dll
0x00007ffa61af0000 - 0x00007ffa61c05000 	C:\WINDOWS\System32\RPCRT4.dll
0x00007ffa62340000 - 0x00007ffa624ed000 	C:\WINDOWS\System32\USER32.dll
0x00007ffa43880000 - 0x00007ffa43b13000 	C:\WINDOWS\WinSxS\amd64_microsoft.windows.common-controls_6595b64144ccf1df_6.0.22621.3235_none_270f74e173860f98\COMCTL32.dll
0x00007ffa603f0000 - 0x00007ffa60416000 	C:\WINDOWS\System32\win32u.dll
0x00007ffa61ca0000 - 0x00007ffa61cc9000 	C:\WINDOWS\System32\GDI32.dll
0x00007ffa5ff10000 - 0x00007ffa60028000 	C:\WINDOWS\System32\gdi32full.dll
0x00007ffa60220000 - 0x00007ffa602ba000 	C:\WINDOWS\System32\msvcp_win.dll
0x00007ffa56c20000 - 0x00007ffa56c2a000 	C:\WINDOWS\SYSTEM32\VERSION.dll
0x00007ffa62770000 - 0x00007ffa627a1000 	C:\WINDOWS\System32\IMM32.DLL
0x00007ffa4e490000 - 0x00007ffa4e49c000 	C:\Program Files\Java\jdk-17\bin\vcruntime140_1.dll
0x00007ffa266d0000 - 0x00007ffa2675e000 	C:\Program Files\Java\jdk-17\bin\msvcp140.dll
0x00007ffa1ac60000 - 0x00007ffa1b83f000 	C:\Program Files\Java\jdk-17\bin\server\jvm.dll
0x00007ffa62280000 - 0x00007ffa62288000 	C:\WINDOWS\System32\PSAPI.DLL
0x00007ffa1b920000 - 0x00007ffa1b929000 	C:\WINDOWS\SYSTEM32\WSOCK32.dll
0x00007ffa58ba0000 - 0x00007ffa58bd4000 	C:\WINDOWS\SYSTEM32\WINMM.dll
0x00007ffa62600000 - 0x00007ffa62671000 	C:\WINDOWS\System32\WS2_32.dll
0x00007ffa5eb40000 - 0x00007ffa5eb58000 	C:\WINDOWS\SYSTEM32\kernel.appcore.dll
0x00007ffa1b870000 - 0x00007ffa1b87a000 	C:\Program Files\Java\jdk-17\bin\jimage.dll
0x00007ffa5d470000 - 0x00007ffa5d6a3000 	C:\WINDOWS\SYSTEM32\DBGHELP.DLL
0x00007ffa61ef0000 - 0x00007ffa62278000 	C:\WINDOWS\System32\combase.dll
0x00007ffa62690000 - 0x00007ffa62767000 	C:\WINDOWS\System32\OLEAUT32.dll
0x00007ffa3e280000 - 0x00007ffa3e2b2000 	C:\WINDOWS\SYSTEM32\dbgcore.DLL
0x00007ffa60030000 - 0x00007ffa600aa000 	C:\WINDOWS\System32\bcryptPrimitives.dll
0x00007ffa1b880000 - 0x00007ffa1b8a5000 	C:\Program Files\Java\jdk-17\bin\java.dll
0x00007ffa1ab80000 - 0x00007ffa1ac57000 	C:\Program Files\Java\jdk-17\bin\jsvml.dll
0x00007ffa60bb0000 - 0x00007ffa6140d000 	C:\WINDOWS\System32\SHELL32.dll
0x00007ffa5da40000 - 0x00007ffa5e338000 	C:\WINDOWS\SYSTEM32\windows.storage.dll
0x00007ffa5d900000 - 0x00007ffa5da3e000 	C:\WINDOWS\SYSTEM32\wintypes.dll
0x00007ffa619f0000 - 0x00007ffa61ae3000 	C:\WINDOWS\System32\SHCORE.dll
0x00007ffa61410000 - 0x00007ffa6146e000 	C:\WINDOWS\System32\shlwapi.dll
0x00007ffa5fa60000 - 0x00007ffa5fa86000 	C:\WINDOWS\SYSTEM32\profapi.dll
0x00007ffa1ab40000 - 0x00007ffa1ab59000 	C:\Program Files\Java\jdk-17\bin\net.dll
0x00007ffa593a0000 - 0x00007ffa594d7000 	C:\WINDOWS\SYSTEM32\WINHTTP.dll
0x00007ffa5eff0000 - 0x00007ffa5f059000 	C:\WINDOWS\system32\mswsock.dll
0x00007ffa1ab20000 - 0x00007ffa1ab36000 	C:\Program Files\Java\jdk-17\bin\nio.dll
0x00007ffa1aac0000 - 0x00007ffa1aad8000 	C:\Program Files\Java\jdk-17\bin\zip.dll

dbghelp: loaded successfully - version: 4.0.5 - missing functions: none
symbol engine: initialized successfully - sym options: 0x614 - pdb path: .;C:\Program Files\Java\jdk-17\bin;C:\WINDOWS\SYSTEM32;C:\WINDOWS\WinSxS\amd64_microsoft.windows.common-controls_6595b64144ccf1df_6.0.22621.3235_none_270f74e173860f98;C:\Program Files\Java\jdk-17\bin\server

VM Arguments:
jvm_args: -Dfile.encoding=UTF-8 -Dstdout.encoding=UTF-8 -Dstderr.encoding=UTF-8 -XX:+ShowCodeDetailsInExceptionMessages 
java_command: appveterinaria.AppVeterinaria
java_class_path (initial): C:\Users\crisr\Documents\IngenieriaSoftware\Construccion2IsabelJaramilloDanielaLondoño\appVeterinaria\target\classes;C:\Users\crisr\.m2\repository\mysql\mysql-connector-java\8.0.28\mysql-connector-java-8.0.28.jar;C:\Users\crisr\.m2\repository\com\google\protobuf\protobuf-java\3.11.4\protobuf-java-3.11.4.jar
Launcher Type: SUN_STANDARD

[Global flags]
     intx CICompilerCount                          = 4                                         {product} {ergonomic}
     uint ConcGCThreads                            = 2                                         {product} {ergonomic}
     uint G1ConcRefinementThreads                  = 8                                         {product} {ergonomic}
   size_t G1HeapRegionSize                         = 1048576                                   {product} {ergonomic}
    uintx GCDrainStackTargetSize                   = 64                                        {product} {ergonomic}
   size_t InitialHeapSize                          = 56623104                                  {product} {ergonomic}
   size_t MarkStackSize                            = 4194304                                   {product} {ergonomic}
   size_t MaxHeapSize                              = 899678208                                 {product} {ergonomic}
   size_t MaxNewSize                               = 538968064                                 {product} {ergonomic}
   size_t MinHeapDeltaBytes                        = 1048576                                   {product} {ergonomic}
   size_t MinHeapSize                              = 8388608                                   {product} {ergonomic}
    uintx NonNMethodCodeHeapSize                   = 5839372                                {pd product} {ergonomic}
    uintx NonProfiledCodeHeapSize                  = 122909434                              {pd product} {ergonomic}
    uintx ProfiledCodeHeapSize                     = 122909434                              {pd product} {ergonomic}
    uintx ReservedCodeCacheSize                    = 251658240                              {pd product} {ergonomic}
     bool SegmentedCodeCache                       = true                                      {product} {ergonomic}
     bool ShowCodeDetailsInExceptionMessages       = true                                   {manageable} {command line}
   size_t SoftMaxHeapSize                          = 899678208                              {manageable} {ergonomic}
     bool UseCompressedClassPointers               = true                           {product lp64_product} {ergonomic}
     bool UseCompressedOops                        = true                           {product lp64_product} {ergonomic}
     bool UseG1GC                                  = true                                      {product} {ergonomic}
     bool UseLargePagesIndividualAllocation        = false                                  {pd product} {ergonomic}

Logging:
Log output configuration:
 #0: stdout all=warning uptime,level,tags
 #1: stderr all=off uptime,level,tags

Environment Variables:
PATH=C:/Program Files/Java/jdk-17/bin/server;C:/Program Files/Java/jdk-17/bin;C:\Program Files\Common Files\Oracle\Java\javapath;C:\Program Files\Eclipse Adoptium\jdk-17.0.7.7-hotspot\bin;C:\Program Files (x86)\Common Files\Oracle\Java\javapath;C:\WINDOWS\system32;C:\WINDOWS;C:\WINDOWS\System32\Wbem;C:\WINDOWS\System32\WindowsPowerShell\v1.0\;C:\WINDOWS\System32\OpenSSH\;C:\Program Files\RedHat\java-1.8.0-openjdk-1.8.0.362-1\bin;C:\Program Files\RedHat\java-1.8.0-openjdk-1.8.0.362-1\jre\bin;C:\Program Files\Git\cmd;C:\Users\crisr\AppData\Local\Microsoft\WindowsApps;;C:\Users\crisr\AppData\Local\Programs\Microsoft VS Code\bin;C:\Users\crisr\Desktop;
USERNAME=Usuario
OS=Windows_NT
PROCESSOR_IDENTIFIER=AMD64 Family 23 Model 104 Stepping 1, AuthenticAMD



---------------  S Y S T E M  ---------------

OS:
 Windows 11 , 64 bit Build 22621 (10.0.22621.3235)
OS uptime: 0 days 14:35 hours
Hyper-V role detected

CPU: total 8 (initial active 8) (8 cores per cpu, 2 threads per core) family 23 model 104 stepping 1 microcode 0x0, cx8, cmov, fxsr, ht, mmx, 3dnowpref, sse, sse2, sse3, ssse3, sse4a, sse4.1, sse4.2, popcnt, lzcnt, tsc, tscinvbit, avx, avx2, aes, clmul, bmi1, bmi2, adx, sha, fma, vzeroupper, clflush, clflushopt, hv

Memory: 4k page, system-wide physical 3429M (191M free)
TotalPageFile size 14181M (AvailPageFile size 2M)
current process WorkingSet (physical memory assigned to process): 43M, peak: 43M
current process commit charge ("private bytes"): 136M, peak: 136M

vm_info: Java HotSpot(TM) 64-Bit Server VM (17.0.10+11-LTS-240) for windows-amd64 JRE (17.0.10+11-LTS-240), built on Dec 19 2023 21:47:25 by "mach5one" with MS VC++ 17.1 (VS2022)

END.
