#
# There is insufficient memory for the Java Runtime Environment to continue.
# Native memory allocation (mmap) failed to map 56623104 bytes for G1 virtual space
# Possible reasons:
#   The system is out of physical RAM or swap space
#   The process is running with CompressedOops enabled, and the Java Heap may be blocking the growth of the native heap
# Possible solutions:
#   Reduce memory load on the system
#   Increase physical memory or swap space
#   Check if swap backing store is full
#   Decrease Java heap size (-Xmx/-Xms)
#   Decrease number of Java threads
#   Decrease Java thread stack sizes (-Xss)
#   Set larger code cache with -XX:ReservedCodeCacheSize=
#   JVM is running with Unscaled Compressed Oops mode in which the Java heap is
#     placed in the first 4GB address space. The Java Heap base address is the
#     maximum limit for the native heap growth. Please use -XX:HeapBaseMinAddress
#     to set the Java Heap base and to place the Java Heap above 4GB virtual address.
# This output file may be truncated or incomplete.
#
#  Out of Memory Error (os_windows.cpp:3548), pid=3028, tid=3372
#
# JRE version:  (17.0.10+11) (build )
# Java VM: Java HotSpot(TM) 64-Bit Server VM (17.0.10+11-LTS-240, mixed mode, sharing, tiered, compressed oops, compressed class ptrs, g1 gc, windows-amd64)
# No core dump will be written. Minidumps are not enabled by default on client versions of Windows
#

---------------  S U M M A R Y ------------

Command Line: -Dfile.encoding=UTF-8 -Dstdout.encoding=UTF-8 -Dstderr.encoding=UTF-8 -XX:+ShowCodeDetailsInExceptionMessages appveterinaria.AppVeterinaria

Host: AMD Ryzen 3 5300U with Radeon Graphics         , 8 cores, 3G,  Windows 11 , 64 bit Build 22621 (10.0.22621.3235)
Time: Sat Mar 16 22:58:43 2024 Hora est. Pacífico, Sudamérica elapsed time: 0.031637 seconds (0d 0h 0m 0s)

---------------  T H R E A D  ---------------

Current thread (0x000001995d3a16d0):  JavaThread "Unknown thread" [_thread_in_vm, id=3372, stack(0x0000003d7c800000,0x0000003d7c900000)]

Stack: [0x0000003d7c800000,0x0000003d7c900000]
Native frames: (J=compiled Java code, j=interpreted, Vv=VM code, C=native code)
V  [jvm.dll+0x677a5a]
V  [jvm.dll+0x7d8b2d]
V  [jvm.dll+0x7da48e]
V  [jvm.dll+0x7daaf3]
V  [jvm.dll+0x2455ff]
V  [jvm.dll+0x6749b9]
V  [jvm.dll+0x669382]
V  [jvm.dll+0x302e96]
V  [jvm.dll+0x30a416]
V  [jvm.dll+0x359cbe]
V  [jvm.dll+0x359eef]
V  [jvm.dll+0x2d9e88]
V  [jvm.dll+0x2dadf4]
V  [jvm.dll+0x7aa551]
V  [jvm.dll+0x367911]
V  [jvm.dll+0x789639]
V  [jvm.dll+0x3eb30f]
V  [jvm.dll+0x3ecd91]
C  [jli.dll+0x5297]
C  [ucrtbase.dll+0x29363]
C  [KERNEL32.DLL+0x1257d]
C  [ntdll.dll+0x5aa58]


---------------  P R O C E S S  ---------------

Threads class SMR info:
_java_thread_list=0x00007ffa1b716a18, length=0, elements={
}

Java Threads: ( => current thread )

Other Threads:
  0x000001995d3d8270 GCTaskThread "GC Thread#0" [stack: 0x0000003d7c900000,0x0000003d7ca00000] [id=9852]
  0x000001995d3dfc10 ConcurrentGCThread "G1 Main Marker" [stack: 0x0000003d7ca00000,0x0000003d7cb00000] [id=17432]
  0x000001995d3e0cd0 ConcurrentGCThread "G1 Conc#0" [stack: 0x0000003d7cb00000,0x0000003d7cc00000] [id=15196]

[error occurred during error reporting (printing all threads), id 0xc0000005, EXCEPTION_ACCESS_VIOLATION (0xc0000005) at pc=0x00007ffa1af4aae7]

VM state: not at safepoint (not fully initialized)

VM Mutex/Monitor currently owned by a thread:  ([mutex/lock_event])
[0x000001995d39ca00] Heap_lock - owner thread: 0x000001995d3a16d0

Heap address: 0x00000000ca600000, size: 858 MB, Compressed Oops mode: 32-bit

CDS archive(s) mapped at: [0x0000000000000000-0x0000000000000000-0x0000000000000000), size 0, SharedBaseAddress: 0x0000000800000000, ArchiveRelocationMode: 1.
Narrow klass base: 0x0000000000000000, Narrow klass shift: 0, Narrow klass range: 0x0

GC Precious Log:
<Empty>

Heap:
 garbage-first heap   total 0K, used 0K [0x00000000ca600000, 0x0000000100000000)
  region size 1024K, 0 young (0K), 0 survivors (0K)

[error occurred during error reporting (printing heap information), id 0xc0000005, EXCEPTION_ACCESS_VIOLATION (0xc0000005) at pc=0x00007ffa1b331249]

GC Heap History (0 events):
No events

Deoptimization events (0 events):
No events

Classes unloaded (0 events):
No events

Classes redefined (0 events):
No events

Internal exceptions (0 events):
No events

VM Operations (0 events):
No events

Events (1 events):
Event: 0.022 Loaded shared library C:\Program Files\Java\jdk-17\bin\java.dll


Dynamic libraries:
0x00007ff7e1390000 - 0x00007ff7e13a0000 	C:\Program Files\Java\jdk-17\bin\javaw.exe
0x00007ffa627f0000 - 0x00007ffa62a06000 	C:\WINDOWS\SYSTEM32\ntdll.dll
0x00007ffa61470000 - 0x00007ffa61534000 	C:\WINDOWS\System32\KERNEL32.DLL
0x00007ffa5fb30000 - 0x00007ffa5fed6000 	C:\WINDOWS\System32\KERNELBASE.dll
0x00007ffa60420000 - 0x00007ffa60531000 	C:\WINDOWS\System32\ucrtbase.dll
0x00007ffa3e640000 - 0x00007ffa3e65b000 	C:\Program Files\Java\jdk-17\bin\VCRUNTIME140.dll
0x00007ffa3e620000 - 0x00007ffa3e639000 	C:\Program Files\Java\jdk-17\bin\jli.dll
0x00007ffa60880000 - 0x00007ffa60932000 	C:\WINDOWS\System32\ADVAPI32.dll
0x00007ffa624f0000 - 0x00007ffa62597000 	C:\WINDOWS\System32\msvcrt.dll
0x00007ffa62290000 - 0x00007ffa62338000 	C:\WINDOWS\System32\sechost.dll
0x00007ffa5fee0000 - 0x00007ffa5ff08000 	C:\WINDOWS\System32\bcrypt.dll
0x00007ffa61af0000 - 0x00007ffa61c05000 	C:\WINDOWS\System32\RPCRT4.dll
0x00007ffa62340000 - 0x00007ffa624ed000 	C:\WINDOWS\System32\USER32.dll
0x00007ffa43880000 - 0x00007ffa43b13000 	C:\WINDOWS\WinSxS\amd64_microsoft.windows.common-controls_6595b64144ccf1df_6.0.22621.3235_none_270f74e173860f98\COMCTL32.dll
0x00007ffa603f0000 - 0x00007ffa60416000 	C:\WINDOWS\System32\win32u.dll
0x00007ffa61ca0000 - 0x00007ffa61cc9000 	C:\WINDOWS\System32\GDI32.dll
0x00007ffa5ff10000 - 0x00007ffa60028000 	C:\WINDOWS\System32\gdi32full.dll
0x00007ffa60220000 - 0x00007ffa602ba000 	C:\WINDOWS\System32\msvcp_win.dll
0x00007ffa56c20000 - 0x00007ffa56c2a000 	C:\WINDOWS\SYSTEM32\VERSION.dll
0x00007ffa62770000 - 0x00007ffa627a1000 	C:\WINDOWS\System32\IMM32.DLL
0x00007ffa4e490000 - 0x00007ffa4e49c000 	C:\Program Files\Java\jdk-17\bin\vcruntime140_1.dll
0x00007ffa266d0000 - 0x00007ffa2675e000 	C:\Program Files\Java\jdk-17\bin\msvcp140.dll
0x00007ffa1ac60000 - 0x00007ffa1b83f000 	C:\Program Files\Java\jdk-17\bin\server\jvm.dll
0x00007ffa62280000 - 0x00007ffa62288000 	C:\WINDOWS\System32\PSAPI.DLL
0x00007ffa58ba0000 - 0x00007ffa58bd4000 	C:\WINDOWS\SYSTEM32\WINMM.dll
0x00007ffa1b920000 - 0x00007ffa1b929000 	C:\WINDOWS\SYSTEM32\WSOCK32.dll
0x00007ffa62600000 - 0x00007ffa62671000 	C:\WINDOWS\System32\WS2_32.dll
0x00007ffa5eb40000 - 0x00007ffa5eb58000 	C:\WINDOWS\SYSTEM32\kernel.appcore.dll
0x00007ffa1b870000 - 0x00007ffa1b87a000 	C:\Program Files\Java\jdk-17\bin\jimage.dll
0x00007ffa5d470000 - 0x00007ffa5d6a3000 	C:\WINDOWS\SYSTEM32\DBGHELP.DLL
0x00007ffa61ef0000 - 0x00007ffa62278000 	C:\WINDOWS\System32\combase.dll
0x00007ffa62690000 - 0x00007ffa62767000 	C:\WINDOWS\System32\OLEAUT32.dll
0x00007ffa3e280000 - 0x00007ffa3e2b2000 	C:\WINDOWS\SYSTEM32\dbgcore.DLL
0x00007ffa60030000 - 0x00007ffa600aa000 	C:\WINDOWS\System32\bcryptPrimitives.dll
0x00007ffa1b880000 - 0x00007ffa1b8a5000 	C:\Program Files\Java\jdk-17\bin\java.dll

dbghelp: loaded successfully - version: 4.0.5 - missing functions: none
symbol engine: initialized successfully - sym options: 0x614 - pdb path: .;C:\Program Files\Java\jdk-17\bin;C:\WINDOWS\SYSTEM32;C:\WINDOWS\WinSxS\amd64_microsoft.windows.common-controls_6595b64144ccf1df_6.0.22621.3235_none_270f74e173860f98;C:\Program Files\Java\jdk-17\bin\server

VM Arguments:
jvm_args: -Dfile.encoding=UTF-8 -Dstdout.encoding=UTF-8 -Dstderr.encoding=UTF-8 -XX:+ShowCodeDetailsInExceptionMessages 
java_command: appveterinaria.AppVeterinaria
java_class_path (initial): C:\Users\crisr\Documents\IngenieriaSoftware\Construccion2IsabelJaramilloDanielaLondoño\appVeterinaria\target\classes;C:\Users\crisr\.m2\repository\mysql\mysql-connector-java\8.0.28\mysql-connector-java-8.0.28.jar;C:\Users\crisr\.m2\repository\com\google\protobuf\protobuf-java\3.11.4\protobuf-java-3.11.4.jar
Launcher Type: SUN_STANDARD

[Global flags]
     intx CICompilerCount                          = 4                                         {product} {ergonomic}
     uint ConcGCThreads                            = 2                                         {product} {ergonomic}
     uint G1ConcRefinementThreads                  = 8                                         {product} {ergonomic}
   size_t G1HeapRegionSize                         = 1048576                                   {product} {ergonomic}
    uintx GCDrainStackTargetSize                   = 64                                        {product} {ergonomic}
   size_t InitialHeapSize                          = 56623104                                  {product} {ergonomic}
   size_t MarkStackSize                            = 4194304                                   {product} {ergonomic}
   size_t MaxHeapSize                              = 899678208                                 {product} {ergonomic}
   size_t MinHeapDeltaBytes                        = 1048576                                   {product} {ergonomic}
   size_t MinHeapSize                              = 8388608                                   {product} {ergonomic}
    uintx NonNMethodCodeHeapSize                   = 5839372                                {pd product} {ergonomic}
    uintx NonProfiledCodeHeapSize                  = 122909434                              {pd product} {ergonomic}
    uintx ProfiledCodeHeapSize                     = 122909434                              {pd product} {ergonomic}
    uintx ReservedCodeCacheSize                    = 251658240                              {pd product} {ergonomic}
     bool SegmentedCodeCache                       = true                                      {product} {ergonomic}
     bool ShowCodeDetailsInExceptionMessages       = true                                   {manageable} {command line}
   size_t SoftMaxHeapSize                          = 899678208                              {manageable} {ergonomic}
     bool UseCompressedClassPointers               = true                           {product lp64_product} {ergonomic}
     bool UseCompressedOops                        = true                           {product lp64_product} {ergonomic}
     bool UseG1GC                                  = true                                      {product} {ergonomic}
     bool UseLargePagesIndividualAllocation        = false                                  {pd product} {ergonomic}

Logging:
Log output configuration:
 #0: stdout all=warning uptime,level,tags
 #1: stderr all=off uptime,level,tags

Environment Variables:
PATH=C:/Program Files/Java/jdk-17/bin/server;C:/Program Files/Java/jdk-17/bin;C:\Program Files\Common Files\Oracle\Java\javapath;C:\Program Files\Eclipse Adoptium\jdk-17.0.7.7-hotspot\bin;C:\Program Files (x86)\Common Files\Oracle\Java\javapath;C:\WINDOWS\system32;C:\WINDOWS;C:\WINDOWS\System32\Wbem;C:\WINDOWS\System32\WindowsPowerShell\v1.0\;C:\WINDOWS\System32\OpenSSH\;C:\Program Files\RedHat\java-1.8.0-openjdk-1.8.0.362-1\bin;C:\Program Files\RedHat\java-1.8.0-openjdk-1.8.0.362-1\jre\bin;C:\Program Files\Git\cmd;C:\Users\crisr\AppData\Local\Microsoft\WindowsApps;;C:\Users\crisr\AppData\Local\Programs\Microsoft VS Code\bin;C:\Users\crisr\Desktop;
USERNAME=Usuario
OS=Windows_NT
PROCESSOR_IDENTIFIER=AMD64 Family 23 Model 104 Stepping 1, AuthenticAMD



---------------  S Y S T E M  ---------------

OS:
 Windows 11 , 64 bit Build 22621 (10.0.22621.3235)
OS uptime: 0 days 14:35 hours
Hyper-V role detected

CPU: total 8 (initial active 8) (8 cores per cpu, 2 threads per core) family 23 model 104 stepping 1 microcode 0x0, cx8, cmov, fxsr, ht, mmx, 3dnowpref, sse, sse2, sse3, ssse3, sse4a, sse4.1, sse4.2, popcnt, lzcnt, tsc, tscinvbit, avx, avx2, aes, clmul, bmi1, bmi2, adx, sha, fma, vzeroupper, clflush, clflushopt, hv

Memory: 4k page, system-wide physical 3429M (227M free)
TotalPageFile size 14181M (AvailPageFile size 56M)
current process WorkingSet (physical memory assigned to process): 10M, peak: 11M
current process commit charge ("private bytes"): 59M, peak: 113M

vm_info: Java HotSpot(TM) 64-Bit Server VM (17.0.10+11-LTS-240) for windows-amd64 JRE (17.0.10+11-LTS-240), built on Dec 19 2023 21:47:25 by "mach5one" with MS VC++ 17.1 (VS2022)

END.
