#
# There is insufficient memory for the Java Runtime Environment to continue.
# Native memory allocation (malloc) failed to allocate 32744 bytes for ChunkPool::allocate
# Possible reasons:
#   The system is out of physical RAM or swap space
#   The process is running with CompressedOops enabled, and the Java Heap may be blocking the growth of the native heap
# Possible solutions:
#   Reduce memory load on the system
#   Increase physical memory or swap space
#   Check if swap backing store is full
#   Decrease Java heap size (-Xmx/-Xms)
#   Decrease number of Java threads
#   Decrease Java thread stack sizes (-Xss)
#   Set larger code cache with -XX:ReservedCodeCacheSize=
#   JVM is running with Unscaled Compressed Oops mode in which the Java heap is
#     placed in the first 4GB address space. The Java Heap base address is the
#     maximum limit for the native heap growth. Please use -XX:HeapBaseMinAddress
#     to set the Java Heap base and to place the Java Heap above 4GB virtual address.
# This output file may be truncated or incomplete.
#
#  Out of Memory Error (arena.cpp:78), pid=2668, tid=16784
#
# JRE version: Java(TM) SE Runtime Environment (17.0.10+11) (build 17.0.10+11-LTS-240)
# Java VM: Java HotSpot(TM) 64-Bit Server VM (17.0.10+11-LTS-240, mixed mode, tiered, compressed oops, compressed class ptrs, g1 gc, windows-amd64)
# No core dump will be written. Minidumps are not enabled by default on client versions of Windows
#

---------------  S U M M A R Y ------------

Command Line: -Dfile.encoding=UTF-8 -Dstdout.encoding=UTF-8 -Dstderr.encoding=UTF-8 -XX:+ShowCodeDetailsInExceptionMessages appveterinaria.AppVeterinaria

Host: AMD Ryzen 3 5300U with Radeon Graphics         , 8 cores, 3G,  Windows 11 , 64 bit Build 22621 (10.0.22621.3235)
Time: Sat Mar 16 23:34:33 2024 Hora est. Pacífico, Sudamérica elapsed time: 0.204700 seconds (0d 0h 0m 0s)

---------------  T H R E A D  ---------------

Current thread (0x0000010926792610):  JavaThread "C1 CompilerThread0" daemon [_thread_in_native, id=16784, stack(0x000000066d100000,0x000000066d200000)]


Current CompileTask:
C1:    204   15       3       java.util.Objects::requireNonNull (14 bytes)

Stack: [0x000000066d100000,0x000000066d200000]
Native frames: (J=compiled Java code, j=interpreted, Vv=VM code, C=native code)
V  [jvm.dll+0x677a5a]
V  [jvm.dll+0x7d8b2d]
V  [jvm.dll+0x7da48e]
V  [jvm.dll+0x7daaf3]
V  [jvm.dll+0x2455ff]
V  [jvm.dll+0xaad50]
V  [jvm.dll+0xab09c]
V  [jvm.dll+0x14e4a0]
V  [jvm.dll+0x169368]
V  [jvm.dll+0x169142]
V  [jvm.dll+0x15ffea]
V  [jvm.dll+0x15da0e]
V  [jvm.dll+0x14bc50]
V  [jvm.dll+0x134da7]
V  [jvm.dll+0x13474f]
V  [jvm.dll+0x134988]
V  [jvm.dll+0x133e21]
V  [jvm.dll+0x135abd]
V  [jvm.dll+0x226aeb]
V  [jvm.dll+0x224cab]
V  [jvm.dll+0x78e45c]
V  [jvm.dll+0x78888a]
V  [jvm.dll+0x676935]
C  [ucrtbase.dll+0x29363]
C  [KERNEL32.DLL+0x1257d]
C  [ntdll.dll+0x5aa58]


---------------  P R O C E S S  ---------------

Threads class SMR info:
_java_thread_list=0x000001090b173ea0, length=10, elements={
0x000001090b16ed70, 0x000001092672b7c0, 0x000001092673c1e0, 0x0000010926777cc0,
0x0000010926778590, 0x0000010926778e60, 0x0000010926789be0, 0x000001092678dce0,
0x0000010926792610, 0x00000109267b6520
}

Java Threads: ( => current thread )
  0x000001090b16ed70 JavaThread "main" [_thread_in_vm, id=19164, stack(0x000000066c300000,0x000000066c400000)]
  0x000001092672b7c0 JavaThread "Reference Handler" daemon [_thread_blocked, id=5752, stack(0x000000066ca00000,0x000000066cb00000)]
  0x000001092673c1e0 JavaThread "Finalizer" daemon [_thread_blocked, id=7120, stack(0x000000066cb00000,0x000000066cc00000)]
  0x0000010926777cc0 JavaThread "Signal Dispatcher" daemon [_thread_blocked, id=5256, stack(0x000000066cc00000,0x000000066cd00000)]
  0x0000010926778590 JavaThread "Attach Listener" daemon [_thread_blocked, id=736, stack(0x000000066cd00000,0x000000066ce00000)]
  0x0000010926778e60 JavaThread "Service Thread" daemon [_thread_blocked, id=10884, stack(0x000000066ce00000,0x000000066cf00000)]
  0x0000010926789be0 JavaThread "Monitor Deflation Thread" daemon [_thread_blocked, id=10832, stack(0x000000066cf00000,0x000000066d000000)]
  0x000001092678dce0 JavaThread "C2 CompilerThread0" daemon [_thread_blocked, id=272, stack(0x000000066d000000,0x000000066d100000)]
=>0x0000010926792610 JavaThread "C1 CompilerThread0" daemon [_thread_in_native, id=16784, stack(0x000000066d100000,0x000000066d200000)]
  0x00000109267b6520 JavaThread "Sweeper thread" daemon [_thread_blocked, id=12208, stack(0x000000066d200000,0x000000066d300000)]

Other Threads:
  0x00000109266fb060 VMThread "VM Thread" [stack: 0x000000066c900000,0x000000066ca00000] [id=17172]
  0x000001090b1a9ff0 GCTaskThread "GC Thread#0" [stack: 0x000000066c400000,0x000000066c500000] [id=19340]
  0x000001090b1b1980 ConcurrentGCThread "G1 Main Marker" [stack: 0x000000066c500000,0x000000066c600000] [id=17512]
  0x000001090b1b2a30 ConcurrentGCThread "G1 Conc#0" [stack: 0x000000066c600000,0x000000066c700000] [id=17020]
  0x000001090b2008b0 ConcurrentGCThread "G1 Refine#0" [stack: 0x000000066c700000,0x000000066c800000] [id=11704]
  0x000001090b2011e0 ConcurrentGCThread "G1 Service" [stack: 0x000000066c800000,0x000000066c900000] [id=11956]

Threads with active compile tasks:
C1 CompilerThread0      301   15       3       java.util.Objects::requireNonNull (14 bytes)

VM state: not at safepoint (normal execution)

VM Mutex/Monitor currently owned by a thread: None

Heap address: 0x00000000ca600000, size: 858 MB, Compressed Oops mode: 32-bit

CDS archive(s) not mapped
Compressed class space mapped at: 0x0000000100000000-0x0000000140000000, reserved size: 1073741824
Narrow klass base: 0x0000000000000000, Narrow klass shift: 3, Narrow klass range: 0x140000000

GC Precious Log:
 CPUs: 8 total, 8 available
 Memory: 3429M
 Large Page Support: Disabled
 NUMA Support: Disabled
 Compressed Oops: Enabled (32-bit)
 Heap Region Size: 1M
 Heap Min Capacity: 8M
 Heap Initial Capacity: 54M
 Heap Max Capacity: 858M
 Pre-touch: Disabled
 Parallel Workers: 8
 Concurrent Workers: 2
 Concurrent Refinement Workers: 8
 Periodic GC: Disabled

Heap:
 garbage-first heap   total 55296K, used 0K [0x00000000ca600000, 0x0000000100000000)
  region size 1024K, 1 young (1024K), 0 survivors (0K)
 Metaspace       used 3302K, committed 3328K, reserved 1114112K
  class space    used 253K, committed 256K, reserved 1048576K

Heap Regions: E=young(eden), S=young(survivor), O=old, HS=humongous(starts), HC=humongous(continues), CS=collection set, F=free, OA=open archive, CA=closed archive, TAMS=top-at-mark-start (previous, next)
|   0|0x00000000ca600000, 0x00000000ca600000, 0x00000000ca700000|  0%| F|  |TAMS 0x00000000ca600000, 0x00000000ca600000| Untracked 
|   1|0x00000000ca700000, 0x00000000ca700000, 0x00000000ca800000|  0%| F|  |TAMS 0x00000000ca700000, 0x00000000ca700000| Untracked 
|   2|0x00000000ca800000, 0x00000000ca800000, 0x00000000ca900000|  0%| F|  |TAMS 0x00000000ca800000, 0x00000000ca800000| Untracked 
|   3|0x00000000ca900000, 0x00000000ca900000, 0x00000000caa00000|  0%| F|  |TAMS 0x00000000ca900000, 0x00000000ca900000| Untracked 
|   4|0x00000000caa00000, 0x00000000caa00000, 0x00000000cab00000|  0%| F|  |TAMS 0x00000000caa00000, 0x00000000caa00000| Untracked 
|   5|0x00000000cab00000, 0x00000000cab00000, 0x00000000cac00000|  0%| F|  |TAMS 0x00000000cab00000, 0x00000000cab00000| Untracked 
|   6|0x00000000cac00000, 0x00000000cac00000, 0x00000000cad00000|  0%| F|  |TAMS 0x00000000cac00000, 0x00000000cac00000| Untracked 
|   7|0x00000000cad00000, 0x00000000cad00000, 0x00000000cae00000|  0%| F|  |TAMS 0x00000000cad00000, 0x00000000cad00000| Untracked 
|   8|0x00000000cae00000, 0x00000000cae00000, 0x00000000caf00000|  0%| F|  |TAMS 0x00000000cae00000, 0x00000000cae00000| Untracked 
|   9|0x00000000caf00000, 0x00000000caf00000, 0x00000000cb000000|  0%| F|  |TAMS 0x00000000caf00000, 0x00000000caf00000| Untracked 
|  10|0x00000000cb000000, 0x00000000cb000000, 0x00000000cb100000|  0%| F|  |TAMS 0x00000000cb000000, 0x00000000cb000000| Untracked 
|  11|0x00000000cb100000, 0x00000000cb100000, 0x00000000cb200000|  0%| F|  |TAMS 0x00000000cb100000, 0x00000000cb100000| Untracked 
|  12|0x00000000cb200000, 0x00000000cb200000, 0x00000000cb300000|  0%| F|  |TAMS 0x00000000cb200000, 0x00000000cb200000| Untracked 
|  13|0x00000000cb300000, 0x00000000cb300000, 0x00000000cb400000|  0%| F|  |TAMS 0x00000000cb300000, 0x00000000cb300000| Untracked 
|  14|0x00000000cb400000, 0x00000000cb400000, 0x00000000cb500000|  0%| F|  |TAMS 0x00000000cb400000, 0x00000000cb400000| Untracked 
|  15|0x00000000cb500000, 0x00000000cb500000, 0x00000000cb600000|  0%| F|  |TAMS 0x00000000cb500000, 0x00000000cb500000| Untracked 
|  16|0x00000000cb600000, 0x00000000cb600000, 0x00000000cb700000|  0%| F|  |TAMS 0x00000000cb600000, 0x00000000cb600000| Untracked 
|  17|0x00000000cb700000, 0x00000000cb700000, 0x00000000cb800000|  0%| F|  |TAMS 0x00000000cb700000, 0x00000000cb700000| Untracked 
|  18|0x00000000cb800000, 0x00000000cb800000, 0x00000000cb900000|  0%| F|  |TAMS 0x00000000cb800000, 0x00000000cb800000| Untracked 
|  19|0x00000000cb900000, 0x00000000cb900000, 0x00000000cba00000|  0%| F|  |TAMS 0x00000000cb900000, 0x00000000cb900000| Untracked 
|  20|0x00000000cba00000, 0x00000000cba00000, 0x00000000cbb00000|  0%| F|  |TAMS 0x00000000cba00000, 0x00000000cba00000| Untracked 
|  21|0x00000000cbb00000, 0x00000000cbb00000, 0x00000000cbc00000|  0%| F|  |TAMS 0x00000000cbb00000, 0x00000000cbb00000| Untracked 
|  22|0x00000000cbc00000, 0x00000000cbc00000, 0x00000000cbd00000|  0%| F|  |TAMS 0x00000000cbc00000, 0x00000000cbc00000| Untracked 
|  23|0x00000000cbd00000, 0x00000000cbd00000, 0x00000000cbe00000|  0%| F|  |TAMS 0x00000000cbd00000, 0x00000000cbd00000| Untracked 
|  24|0x00000000cbe00000, 0x00000000cbe00000, 0x00000000cbf00000|  0%| F|  |TAMS 0x00000000cbe00000, 0x00000000cbe00000| Untracked 
|  25|0x00000000cbf00000, 0x00000000cbf00000, 0x00000000cc000000|  0%| F|  |TAMS 0x00000000cbf00000, 0x00000000cbf00000| Untracked 
|  26|0x00000000cc000000, 0x00000000cc000000, 0x00000000cc100000|  0%| F|  |TAMS 0x00000000cc000000, 0x00000000cc000000| Untracked 
|  27|0x00000000cc100000, 0x00000000cc100000, 0x00000000cc200000|  0%| F|  |TAMS 0x00000000cc100000, 0x00000000cc100000| Untracked 
|  28|0x00000000cc200000, 0x00000000cc200000, 0x00000000cc300000|  0%| F|  |TAMS 0x00000000cc200000, 0x00000000cc200000| Untracked 
|  29|0x00000000cc300000, 0x00000000cc300000, 0x00000000cc400000|  0%| F|  |TAMS 0x00000000cc300000, 0x00000000cc300000| Untracked 
|  30|0x00000000cc400000, 0x00000000cc400000, 0x00000000cc500000|  0%| F|  |TAMS 0x00000000cc400000, 0x00000000cc400000| Untracked 
|  31|0x00000000cc500000, 0x00000000cc500000, 0x00000000cc600000|  0%| F|  |TAMS 0x00000000cc500000, 0x00000000cc500000| Untracked 
|  32|0x00000000cc600000, 0x00000000cc600000, 0x00000000cc700000|  0%| F|  |TAMS 0x00000000cc600000, 0x00000000cc600000| Untracked 
|  33|0x00000000cc700000, 0x00000000cc700000, 0x00000000cc800000|  0%| F|  |TAMS 0x00000000cc700000, 0x00000000cc700000| Untracked 
|  34|0x00000000cc800000, 0x00000000cc800000, 0x00000000cc900000|  0%| F|  |TAMS 0x00000000cc800000, 0x00000000cc800000| Untracked 
|  35|0x00000000cc900000, 0x00000000cc900000, 0x00000000cca00000|  0%| F|  |TAMS 0x00000000cc900000, 0x00000000cc900000| Untracked 
|  36|0x00000000cca00000, 0x00000000cca00000, 0x00000000ccb00000|  0%| F|  |TAMS 0x00000000cca00000, 0x00000000cca00000| Untracked 
|  37|0x00000000ccb00000, 0x00000000ccb00000, 0x00000000ccc00000|  0%| F|  |TAMS 0x00000000ccb00000, 0x00000000ccb00000| Untracked 
|  38|0x00000000ccc00000, 0x00000000ccc00000, 0x00000000ccd00000|  0%| F|  |TAMS 0x00000000ccc00000, 0x00000000ccc00000| Untracked 
|  39|0x00000000ccd00000, 0x00000000ccd00000, 0x00000000cce00000|  0%| F|  |TAMS 0x00000000ccd00000, 0x00000000ccd00000| Untracked 
|  40|0x00000000cce00000, 0x00000000cce00000, 0x00000000ccf00000|  0%| F|  |TAMS 0x00000000cce00000, 0x00000000cce00000| Untracked 
|  41|0x00000000ccf00000, 0x00000000ccf00000, 0x00000000cd000000|  0%| F|  |TAMS 0x00000000ccf00000, 0x00000000ccf00000| Untracked 
|  42|0x00000000cd000000, 0x00000000cd000000, 0x00000000cd100000|  0%| F|  |TAMS 0x00000000cd000000, 0x00000000cd000000| Untracked 
|  43|0x00000000cd100000, 0x00000000cd100000, 0x00000000cd200000|  0%| F|  |TAMS 0x00000000cd100000, 0x00000000cd100000| Untracked 
|  44|0x00000000cd200000, 0x00000000cd200000, 0x00000000cd300000|  0%| F|  |TAMS 0x00000000cd200000, 0x00000000cd200000| Untracked 
|  45|0x00000000cd300000, 0x00000000cd300000, 0x00000000cd400000|  0%| F|  |TAMS 0x00000000cd300000, 0x00000000cd300000| Untracked 
|  46|0x00000000cd400000, 0x00000000cd400000, 0x00000000cd500000|  0%| F|  |TAMS 0x00000000cd400000, 0x00000000cd400000| Untracked 
|  47|0x00000000cd500000, 0x00000000cd500000, 0x00000000cd600000|  0%| F|  |TAMS 0x00000000cd500000, 0x00000000cd500000| Untracked 
|  48|0x00000000cd600000, 0x00000000cd600000, 0x00000000cd700000|  0%| F|  |TAMS 0x00000000cd600000, 0x00000000cd600000| Untracked 
|  49|0x00000000cd700000, 0x00000000cd700000, 0x00000000cd800000|  0%| F|  |TAMS 0x00000000cd700000, 0x00000000cd700000| Untracked 
|  50|0x00000000cd800000, 0x00000000cd800000, 0x00000000cd900000|  0%| F|  |TAMS 0x00000000cd800000, 0x00000000cd800000| Untracked 
|  51|0x00000000cd900000, 0x00000000cd900000, 0x00000000cda00000|  0%| F|  |TAMS 0x00000000cd900000, 0x00000000cd900000| Untracked 
|  52|0x00000000cda00000, 0x00000000cda00000, 0x00000000cdb00000|  0%| F|  |TAMS 0x00000000cda00000, 0x00000000cda00000| Untracked 
|  53|0x00000000cdb00000, 0x00000000cdbeb988, 0x00000000cdc00000| 92%| E|  |TAMS 0x00000000cdb00000, 0x00000000cdb00000| Complete 

Card table byte_map: [0x0000010921f00000,0x00000109220b0000] _byte_map_base: 0x00000109218ad000

Marking Bits (Prev, Next): (CMBitMap*) 0x000001090b1aa510, (CMBitMap*) 0x000001090b1aa550
 Prev Bits: [0x0000010922260000, 0x0000010922fc8000)
 Next Bits: [0x0000010922fd0000, 0x0000010923d38000)

Polling page: 0x00000109090d0000

Metaspace:

Usage:
  Non-class:      2.98 MB used.
      Class:    253.16 KB used.
       Both:      3.23 MB used.

Virtual space:
  Non-class space:       64.00 MB reserved,       3.00 MB (  5%) committed,  1 nodes.
      Class space:        1.00 GB reserved,     256.00 KB ( <1%) committed,  1 nodes.
             Both:        1.06 GB reserved,       3.25 MB ( <1%) committed. 

Chunk freelists:
   Non-Class:  12.00 MB
       Class:  15.75 MB
        Both:  27.75 MB

MaxMetaspaceSize: unlimited
CompressedClassSpaceSize: 1.00 GB
Initial GC threshold: 21.00 MB
Current GC threshold: 21.00 MB
CDS: off
MetaspaceReclaimPolicy: balanced
 - commit_granule_bytes: 65536.
 - commit_granule_words: 8192.
 - virtual_space_node_default_size: 8388608.
 - enlarge_chunks_in_place: 1.
 - new_chunks_are_fully_committed: 0.
 - uncommit_free_chunks: 1.
 - use_allocation_guard: 0.
 - handle_deallocations: 1.


Internal statistics:

num_allocs_failed_limit: 0.
num_arena_births: 2.
num_arena_deaths: 0.
num_vsnodes_births: 2.
num_vsnodes_deaths: 0.
num_space_committed: 52.
num_space_uncommitted: 0.
num_chunks_returned_to_freelist: 0.
num_chunks_taken_from_freelist: 3.
num_chunk_merges: 0.
num_chunk_splits: 2.
num_chunks_enlarged: 0.
num_inconsistent_stats: 0.

CodeHeap 'non-profiled nmethods': size=120000Kb used=2Kb max_used=2Kb free=119997Kb
 bounds [0x000001091a4f0000, 0x000001091a760000, 0x0000010921a20000]
CodeHeap 'profiled nmethods': size=120000Kb used=17Kb max_used=17Kb free=119982Kb
 bounds [0x0000010912a20000, 0x0000010912c90000, 0x0000010919f50000]
CodeHeap 'non-nmethods': size=5760Kb used=1031Kb max_used=1032Kb free=4728Kb
 bounds [0x0000010919f50000, 0x000001091a1c0000, 0x000001091a4f0000]
 total_blobs=301 nmethods=16 adapters=198
 compilation: enabled
              stopped_count=0, restarted_count=0
 full_count=0

Compilation events (20 events):
Event: 0.190 Thread 0x0000010926792610    6       3       java.util.ImmutableCollections$SetN::probe (56 bytes)
Event: 0.190 Thread 0x0000010926792610 nmethod 6 0x0000010912a21190 code [0x0000010912a21380, 0x0000010912a218d8]
Event: 0.190 Thread 0x0000010926792610    5       3       java.lang.Math::floorMod (20 bytes)
Event: 0.191 Thread 0x0000010926792610 nmethod 5 0x0000010912a21b10 code [0x0000010912a21ca0, 0x0000010912a21e38]
Event: 0.195 Thread 0x0000010926792610    7       3       java.util.ImmutableCollections$SetN::hashCode (46 bytes)
Event: 0.196 Thread 0x0000010926792610 nmethod 7 0x0000010912a21f10 code [0x0000010912a220c0, 0x0000010912a223a8]
Event: 0.196 Thread 0x0000010926792610    8       3       java.lang.String::equals (56 bytes)
Event: 0.196 Thread 0x0000010926792610 nmethod 8 0x0000010912a22510 code [0x0000010912a226e0, 0x0000010912a22b48]
Event: 0.197 Thread 0x0000010926792610    9       3       java.util.Objects::equals (23 bytes)
Event: 0.197 Thread 0x0000010926792610 nmethod 9 0x0000010912a22c10 code [0x0000010912a22dc0, 0x0000010912a23028]
Event: 0.197 Thread 0x0000010926792610   10       3       java.lang.StringLatin1::equals (36 bytes)
Event: 0.197 Thread 0x0000010926792610 nmethod 10 0x0000010912a23110 code [0x0000010912a232c0, 0x0000010912a23578]
Event: 0.197 Thread 0x0000010926792610   11       3       java.util.Set::of (4 bytes)
Event: 0.198 Thread 0x0000010926792610 nmethod 11 0x0000010912a23690 code [0x0000010912a23820, 0x0000010912a23918]
Event: 0.198 Thread 0x0000010926792610   12       3       java.lang.module.ModuleDescriptor$Exports::<init> (20 bytes)
Event: 0.198 Thread 0x0000010926792610 nmethod 12 0x0000010912a23990 code [0x0000010912a23b40, 0x0000010912a23db8]
Event: 0.198 Thread 0x0000010926792610   13       3       java.lang.module.ModuleDescriptor$Exports::hashCode (38 bytes)
Event: 0.199 Thread 0x0000010926792610 nmethod 13 0x0000010912a23e90 code [0x0000010912a24060, 0x0000010912a24368]
Event: 0.199 Thread 0x000001092678dce0   14       4       java.lang.StringLatin1::hashCode (42 bytes)
Event: 0.199 Thread 0x0000010926792610   15       3       java.util.Objects::requireNonNull (14 bytes)

GC Heap History (0 events):
No events

Deoptimization events (0 events):
No events

Classes unloaded (0 events):
No events

Classes redefined (0 events):
No events

Internal exceptions (0 events):
No events

VM Operations (0 events):
No events

Events (20 events):
Event: 0.153 loading class jdk/internal/module/Builder
Event: 0.154 loading class jdk/internal/module/Builder done
Event: 0.154 loading class java/lang/module/ModuleDescriptor$Requires
Event: 0.154 loading class java/lang/module/ModuleDescriptor$Requires done
Event: 0.154 loading class java/lang/module/ModuleDescriptor$Exports
Event: 0.154 loading class java/lang/module/ModuleDescriptor$Exports done
Event: 0.189 loading class java/lang/module/ModuleDescriptor$Opens
Event: 0.189 loading class java/lang/module/ModuleDescriptor$Opens done
Event: 0.190 loading class java/lang/module/ModuleDescriptor$Provides
Event: 0.190 loading class java/lang/module/ModuleDescriptor$Provides done
Event: 0.190 loading class java/util/ImmutableCollections$List12
Event: 0.193 loading class java/util/ImmutableCollections$List12 done
Event: 0.194 loading class java/lang/module/ModuleDescriptor$Version
Event: 0.194 loading class java/lang/module/ModuleDescriptor$Version done
Event: 0.195 loading class java/lang/module/ModuleDescriptor$Modifier
Event: 0.195 loading class java/lang/Enum
Event: 0.195 loading class java/lang/Enum done
Event: 0.195 loading class java/lang/module/ModuleDescriptor$Modifier done
Event: 0.195 loading class java/lang/module/ModuleDescriptor$Requires$Modifier
Event: 0.195 loading class java/lang/module/ModuleDescriptor$Requires$Modifier done


Dynamic libraries:
0x00007ff7e1390000 - 0x00007ff7e13a0000 	C:\Program Files\Java\jdk-17\bin\javaw.exe
0x00007ffa627f0000 - 0x00007ffa62a06000 	C:\WINDOWS\SYSTEM32\ntdll.dll
0x00007ffa61470000 - 0x00007ffa61534000 	C:\WINDOWS\System32\KERNEL32.DLL
0x00007ffa5fb30000 - 0x00007ffa5fed6000 	C:\WINDOWS\System32\KERNELBASE.dll
0x00007ffa60420000 - 0x00007ffa60531000 	C:\WINDOWS\System32\ucrtbase.dll
0x00007ffa3e640000 - 0x00007ffa3e65b000 	C:\Program Files\Java\jdk-17\bin\VCRUNTIME140.dll
0x00007ffa3e620000 - 0x00007ffa3e639000 	C:\Program Files\Java\jdk-17\bin\jli.dll
0x00007ffa60880000 - 0x00007ffa60932000 	C:\WINDOWS\System32\ADVAPI32.dll
0x00007ffa624f0000 - 0x00007ffa62597000 	C:\WINDOWS\System32\msvcrt.dll
0x00007ffa62290000 - 0x00007ffa62338000 	C:\WINDOWS\System32\sechost.dll
0x00007ffa5fee0000 - 0x00007ffa5ff08000 	C:\WINDOWS\System32\bcrypt.dll
0x00007ffa61af0000 - 0x00007ffa61c05000 	C:\WINDOWS\System32\RPCRT4.dll
0x00007ffa62340000 - 0x00007ffa624ed000 	C:\WINDOWS\System32\USER32.dll
0x00007ffa43880000 - 0x00007ffa43b13000 	C:\WINDOWS\WinSxS\amd64_microsoft.windows.common-controls_6595b64144ccf1df_6.0.22621.3235_none_270f74e173860f98\COMCTL32.dll
0x00007ffa603f0000 - 0x00007ffa60416000 	C:\WINDOWS\System32\win32u.dll
0x00007ffa61ca0000 - 0x00007ffa61cc9000 	C:\WINDOWS\System32\GDI32.dll
0x00007ffa5ff10000 - 0x00007ffa60028000 	C:\WINDOWS\System32\gdi32full.dll
0x00007ffa60220000 - 0x00007ffa602ba000 	C:\WINDOWS\System32\msvcp_win.dll
0x00007ffa56c20000 - 0x00007ffa56c2a000 	C:\WINDOWS\SYSTEM32\VERSION.dll
0x00007ffa62770000 - 0x00007ffa627a1000 	C:\WINDOWS\System32\IMM32.DLL
0x00007ffa4e490000 - 0x00007ffa4e49c000 	C:\Program Files\Java\jdk-17\bin\vcruntime140_1.dll
0x00007ffa266d0000 - 0x00007ffa2675e000 	C:\Program Files\Java\jdk-17\bin\msvcp140.dll
0x00007ffa1ac60000 - 0x00007ffa1b83f000 	C:\Program Files\Java\jdk-17\bin\server\jvm.dll
0x00007ffa62280000 - 0x00007ffa62288000 	C:\WINDOWS\System32\PSAPI.DLL
0x00007ffa58ba0000 - 0x00007ffa58bd4000 	C:\WINDOWS\SYSTEM32\WINMM.dll
0x00007ffa1b920000 - 0x00007ffa1b929000 	C:\WINDOWS\SYSTEM32\WSOCK32.dll
0x00007ffa62600000 - 0x00007ffa62671000 	C:\WINDOWS\System32\WS2_32.dll
0x00007ffa5eb40000 - 0x00007ffa5eb58000 	C:\WINDOWS\SYSTEM32\kernel.appcore.dll
0x00007ffa1b870000 - 0x00007ffa1b87a000 	C:\Program Files\Java\jdk-17\bin\jimage.dll
0x00007ffa5d470000 - 0x00007ffa5d6a3000 	C:\WINDOWS\SYSTEM32\DBGHELP.DLL
0x00007ffa61ef0000 - 0x00007ffa62278000 	C:\WINDOWS\System32\combase.dll
0x00007ffa62690000 - 0x00007ffa62767000 	C:\WINDOWS\System32\OLEAUT32.dll
0x00007ffa3e280000 - 0x00007ffa3e2b2000 	C:\WINDOWS\SYSTEM32\dbgcore.DLL
0x00007ffa60030000 - 0x00007ffa600aa000 	C:\WINDOWS\System32\bcryptPrimitives.dll
0x00007ffa1b880000 - 0x00007ffa1b8a5000 	C:\Program Files\Java\jdk-17\bin\java.dll
0x00007ffa1ab80000 - 0x00007ffa1ac57000 	C:\Program Files\Java\jdk-17\bin\jsvml.dll
0x00007ffa60bb0000 - 0x00007ffa6140d000 	C:\WINDOWS\System32\SHELL32.dll
0x00007ffa5da40000 - 0x00007ffa5e338000 	C:\WINDOWS\SYSTEM32\windows.storage.dll
0x00007ffa5d900000 - 0x00007ffa5da3e000 	C:\WINDOWS\SYSTEM32\wintypes.dll
0x00007ffa619f0000 - 0x00007ffa61ae3000 	C:\WINDOWS\System32\SHCORE.dll
0x00007ffa61410000 - 0x00007ffa6146e000 	C:\WINDOWS\System32\shlwapi.dll
0x00007ffa5fa60000 - 0x00007ffa5fa86000 	C:\WINDOWS\SYSTEM32\profapi.dll

dbghelp: loaded successfully - version: 4.0.5 - missing functions: none
symbol engine: initialized successfully - sym options: 0x614 - pdb path: .;C:\Program Files\Java\jdk-17\bin;C:\WINDOWS\SYSTEM32;C:\WINDOWS\WinSxS\amd64_microsoft.windows.common-controls_6595b64144ccf1df_6.0.22621.3235_none_270f74e173860f98;C:\Program Files\Java\jdk-17\bin\server

VM Arguments:
jvm_args: -Dfile.encoding=UTF-8 -Dstdout.encoding=UTF-8 -Dstderr.encoding=UTF-8 -XX:+ShowCodeDetailsInExceptionMessages 
java_command: appveterinaria.AppVeterinaria
java_class_path (initial): C:\Users\crisr\Documents\IngenieriaSoftware\Construccion2IsabelJaramilloDanielaLondoño\appVeterinaria\target\classes;C:\Users\crisr\.m2\repository\mysql\mysql-connector-java\8.0.28\mysql-connector-java-8.0.28.jar;C:\Users\crisr\.m2\repository\com\google\protobuf\protobuf-java\3.11.4\protobuf-java-3.11.4.jar
Launcher Type: SUN_STANDARD

[Global flags]
     intx CICompilerCount                          = 4                                         {product} {ergonomic}
     uint ConcGCThreads                            = 2                                         {product} {ergonomic}
     uint G1ConcRefinementThreads                  = 8                                         {product} {ergonomic}
   size_t G1HeapRegionSize                         = 1048576                                   {product} {ergonomic}
    uintx GCDrainStackTargetSize                   = 64                                        {product} {ergonomic}
   size_t InitialHeapSize                          = 56623104                                  {product} {ergonomic}
   size_t MarkStackSize                            = 4194304                                   {product} {ergonomic}
   size_t MaxHeapSize                              = 899678208                                 {product} {ergonomic}
   size_t MaxNewSize                               = 538968064                                 {product} {ergonomic}
   size_t MinHeapDeltaBytes                        = 1048576                                   {product} {ergonomic}
   size_t MinHeapSize                              = 8388608                                   {product} {ergonomic}
    uintx NonNMethodCodeHeapSize                   = 5839372                                {pd product} {ergonomic}
    uintx NonProfiledCodeHeapSize                  = 122909434                              {pd product} {ergonomic}
    uintx ProfiledCodeHeapSize                     = 122909434                              {pd product} {ergonomic}
    uintx ReservedCodeCacheSize                    = 251658240                              {pd product} {ergonomic}
     bool SegmentedCodeCache                       = true                                      {product} {ergonomic}
     bool ShowCodeDetailsInExceptionMessages       = true                                   {manageable} {command line}
   size_t SoftMaxHeapSize                          = 899678208                              {manageable} {ergonomic}
     bool UseCompressedClassPointers               = true                           {product lp64_product} {ergonomic}
     bool UseCompressedOops                        = true                           {product lp64_product} {ergonomic}
     bool UseG1GC                                  = true                                      {product} {ergonomic}
     bool UseLargePagesIndividualAllocation        = false                                  {pd product} {ergonomic}

Logging:
Log output configuration:
 #0: stdout all=warning uptime,level,tags
 #1: stderr all=off uptime,level,tags

Environment Variables:
PATH=C:/Program Files/Java/jdk-17/bin/server;C:/Program Files/Java/jdk-17/bin;C:\Program Files\Common Files\Oracle\Java\javapath;C:\Program Files\Eclipse Adoptium\jdk-17.0.7.7-hotspot\bin;C:\Program Files (x86)\Common Files\Oracle\Java\javapath;C:\WINDOWS\system32;C:\WINDOWS;C:\WINDOWS\System32\Wbem;C:\WINDOWS\System32\WindowsPowerShell\v1.0\;C:\WINDOWS\System32\OpenSSH\;C:\Program Files\RedHat\java-1.8.0-openjdk-1.8.0.362-1\bin;C:\Program Files\RedHat\java-1.8.0-openjdk-1.8.0.362-1\jre\bin;C:\Program Files\Git\cmd;C:\Users\crisr\AppData\Local\Microsoft\WindowsApps;;C:\Users\crisr\AppData\Local\Programs\Microsoft VS Code\bin;C:\Users\crisr\Desktop;
USERNAME=Usuario
OS=Windows_NT
PROCESSOR_IDENTIFIER=AMD64 Family 23 Model 104 Stepping 1, AuthenticAMD



---------------  S Y S T E M  ---------------

OS:
 Windows 11 , 64 bit Build 22621 (10.0.22621.3235)
OS uptime: 0 days 15:11 hours
Hyper-V role detected

CPU: total 8 (initial active 8) (8 cores per cpu, 2 threads per core) family 23 model 104 stepping 1 microcode 0x0, cx8, cmov, fxsr, ht, mmx, 3dnowpref, sse, sse2, sse3, ssse3, sse4a, sse4.1, sse4.2, popcnt, lzcnt, tsc, tscinvbit, avx, avx2, aes, clmul, bmi1, bmi2, adx, sha, fma, vzeroupper, clflush, clflushopt, hv

Memory: 4k page, system-wide physical 3429M (112M free)
TotalPageFile size 14181M (AvailPageFile size 0M)
current process WorkingSet (physical memory assigned to process): 24M, peak: 24M
current process commit charge ("private bytes"): 123M, peak: 123M

vm_info: Java HotSpot(TM) 64-Bit Server VM (17.0.10+11-LTS-240) for windows-amd64 JRE (17.0.10+11-LTS-240), built on Dec 19 2023 21:47:25 by "mach5one" with MS VC++ 17.1 (VS2022)

END.
